<?xml version="1.0" encoding="UTF-8"?>
<!-- Generated by org.testng.reporters.JUnitReportReporter -->
<testsuite skipped="0" hostname="LAPTOP-BGB2AC1M" name="org.Day4.progOne" tests="2" failures="0" timestamp="21 Jun 2023 05:38:23 GMT" time="55.871" errors="0">
  <testcase name="browserLanuch" time="34.477" classname="org.Day4.progOne"/>
  <testcase name="browserLanuch" time="21.394" classname="org.Day4.progOne"/>
</testsuite> <!-- org.Day4.progOne -->
