<?xml version="1.0" encoding="UTF-8"?>
<!-- Generated by org.testng.reporters.JUnitReportReporter -->
<testsuite skipped="0" hostname="LAPTOP-BGB2AC1M" name="org.Day4.sample" tests="1" failures="0" timestamp="23 Jun 2023 04:41:41 GMT" time="7.620" errors="0">
  <testcase name="test01" time="7.620" classname="org.Day4.sample"/>
</testsuite> <!-- org.Day4.sample -->
